  Main.cpp
  OFF_PLYConverter.cpp
C:\Users\edgar\Documents\GitHub\MR-Project\MR_003\MR_003\OFF_PLYConverter.cpp(273,16): warning C4244:  'initializing': conversion from '_Rep' to 'unsigned int', possible loss of data
C:\Users\edgar\Documents\GitHub\MR-Project\MR_003\MR_003\OFF_PLYConverter.cpp(273,16): warning C4244:         with
C:\Users\edgar\Documents\GitHub\MR-Project\MR_003\MR_003\OFF_PLYConverter.cpp(273,16): warning C4244:         [
C:\Users\edgar\Documents\GitHub\MR-Project\MR_003\MR_003\OFF_PLYConverter.cpp(273,16): warning C4244:             _Rep=std::chrono::system_clock::rep
C:\Users\edgar\Documents\GitHub\MR-Project\MR_003\MR_003\OFF_PLYConverter.cpp(273,16): warning C4244:         ]
C:\Users\edgar\Documents\GitHub\MR-Project\MR_003\MR_003\OFF_PLYConverter.cpp(324,64): warning C4244:  'argument': conversion from 'Eigen::Index' to 'int', possible loss of data
C:\Users\edgar\Documents\GitHub\MR-Project\MR_003\MR_003\OFF_PLYConverter.cpp(368,64): warning C4244:  'argument': conversion from 'Eigen::Index' to 'int', possible loss of data
C:\Users\edgar\Documents\GitHub\MR-Project\MR_003\MR_003\OFF_PLYConverter.cpp(407,60): warning C4244:  'argument': conversion from 'double' to 'float', possible loss of data
C:\Users\edgar\Documents\GitHub\MR-Project\MR_003\MR_003\OFF_PLYConverter.cpp(419,66): warning C4244:  'argument': conversion from 'Eigen::Index' to 'int', possible loss of data
C:\Users\edgar\Documents\GitHub\MR-Project\MR_003\MR_003\OFF_PLYConverter.cpp(533,30): warning C4244:  'return': conversion from 'double' to 'float', possible loss of data
C:\Users\edgar\Documents\GitHub\MR-Project\MR_003\MR_003\OFF_PLYConverter.cpp(583,20): warning C4101:  'minZ': unreferenced local variable
C:\Users\edgar\Documents\GitHub\MR-Project\MR_003\MR_003\OFF_PLYConverter.cpp(583,14): warning C4101:  'minY': unreferenced local variable
C:\Users\edgar\Documents\GitHub\MR-Project\MR_003\MR_003\OFF_PLYConverter.cpp(585,14): warning C4101:  'maxY': unreferenced local variable
C:\Users\edgar\Documents\GitHub\MR-Project\MR_003\MR_003\OFF_PLYConverter.cpp(585,8): warning C4101:  'maxX': unreferenced local variable
C:\Users\edgar\Documents\GitHub\MR-Project\MR_003\MR_003\OFF_PLYConverter.cpp(569,6): warning C4101:  'ne': unreferenced local variable
C:\Users\edgar\Documents\GitHub\MR-Project\MR_003\MR_003\OFF_PLYConverter.cpp(583,8): warning C4101:  'minX': unreferenced local variable
C:\Users\edgar\Documents\GitHub\MR-Project\MR_003\MR_003\OFF_PLYConverter.cpp(581,8): warning C4101:  'correction': unreferenced local variable
C:\Users\edgar\Documents\GitHub\MR-Project\MR_003\MR_003\OFF_PLYConverter.cpp(585,20): warning C4101:  'maxZ': unreferenced local variable
C:\Users\edgar\Documents\GitHub\MR-Project\MR_003\MR_003\OFF_PLYConverter.cpp(610,10): warning C4101:  'point': unreferenced local variable
C:\Users\edgar\Documents\GitHub\MR-Project\MR_003\MR_003\OFF_PLYConverter.cpp(624,9): warning C4101:  'face': unreferenced local variable
C:\Users\edgar\Documents\GitHub\MR-Project\MR_003\MR_003\OFF_PLYConverter.cpp(960,72): warning C4244:  '=': conversion from 'double' to 'float', possible loss of data
C:\Users\edgar\Documents\GitHub\MR-Project\MR_003\MR_003\OFF_PLYConverter.cpp(961,72): warning C4244:  '=': conversion from 'double' to 'float', possible loss of data
C:\Users\edgar\Documents\GitHub\MR-Project\MR_003\MR_003\OFF_PLYConverter.cpp(962,72): warning C4244:  '=': conversion from 'double' to 'float', possible loss of data
C:\Users\edgar\Documents\GitHub\MR-Project\MR_003\MR_003\OFF_PLYConverter.cpp(650,6): warning C4101:  'ne': unreferenced local variable
C:\Users\edgar\Documents\GitHub\MR-Project\MR_003\MR_003\OFF_PLYConverter.cpp(691,10): warning C4101:  'point': unreferenced local variable
C:\Users\edgar\Documents\GitHub\MR-Project\MR_003\MR_003\OFF_PLYConverter.cpp(705,9): warning C4101:  'face': unreferenced local variable
C:\Users\edgar\Documents\GitHub\MR-Project\MR_003\MR_003\OFF_PLYConverter.cpp(1363,68): warning C4244:  '=': conversion from 'double' to 'float', possible loss of data
C:\Users\edgar\Documents\GitHub\MR-Project\MR_003\MR_003\OFF_PLYConverter.cpp(1364,68): warning C4244:  '=': conversion from 'double' to 'float', possible loss of data
C:\Users\edgar\Documents\GitHub\MR-Project\MR_003\MR_003\OFF_PLYConverter.cpp(1365,68): warning C4244:  '=': conversion from 'double' to 'float', possible loss of data
C:\Users\edgar\Documents\GitHub\MR-Project\MR_003\MR_003\OFF_PLYConverter.cpp(1040,10): warning C4101:  'point': unreferenced local variable
  Generating Code...
C:\Users\edgar\Documents\GitHub\MR-Project\MR_003\MR_003\OFF_PLYConverter.cpp(1056,9): warning C4101:  'face': unreferenced local variable
  MR_003.vcxproj -> C:\Users\edgar\Documents\GitHub\MR-Project\MR_003\x64\Debug\MR_003.exe
