  Main.cpp
  OFF_PLYConverter.cpp
C:\Users\edgar\Documents\GitHub\MR-Project\MR_003\MR_003\OFF_PLYConverter.cpp(273,16): warning C4244:  'initializing': conversion from '_Rep' to 'unsigned int', possible loss of data
C:\Users\edgar\Documents\GitHub\MR-Project\MR_003\MR_003\OFF_PLYConverter.cpp(273,16): warning C4244:         with
C:\Users\edgar\Documents\GitHub\MR-Project\MR_003\MR_003\OFF_PLYConverter.cpp(273,16): warning C4244:         [
C:\Users\edgar\Documents\GitHub\MR-Project\MR_003\MR_003\OFF_PLYConverter.cpp(273,16): warning C4244:             _Rep=std::chrono::system_clock::rep
C:\Users\edgar\Documents\GitHub\MR-Project\MR_003\MR_003\OFF_PLYConverter.cpp(273,16): warning C4244:         ]
C:\Users\edgar\Documents\GitHub\MR-Project\MR_003\MR_003\OFF_PLYConverter.cpp(324,64): warning C4244:  'argument': conversion from 'Eigen::Index' to 'int', possible loss of data
C:\Users\edgar\Documents\GitHub\MR-Project\MR_003\MR_003\OFF_PLYConverter.cpp(352,63): warning C4244:  'argument': conversion from 'double' to 'float', possible loss of data
C:\Users\edgar\Documents\GitHub\MR-Project\MR_003\MR_003\OFF_PLYConverter.cpp(370,64): warning C4244:  'argument': conversion from 'Eigen::Index' to 'int', possible loss of data
C:\Users\edgar\Documents\GitHub\MR-Project\MR_003\MR_003\OFF_PLYConverter.cpp(411,60): warning C4244:  'argument': conversion from 'double' to 'float', possible loss of data
C:\Users\edgar\Documents\GitHub\MR-Project\MR_003\MR_003\OFF_PLYConverter.cpp(423,66): warning C4244:  'argument': conversion from 'Eigen::Index' to 'int', possible loss of data
C:\Users\edgar\Documents\GitHub\MR-Project\MR_003\MR_003\OFF_PLYConverter.cpp(428,19): warning C4101:  'dummyIndex2': unreferenced local variable
C:\Users\edgar\Documents\GitHub\MR-Project\MR_003\MR_003\OFF_PLYConverter.cpp(428,6): warning C4101:  'dummyIndex1': unreferenced local variable
C:\Users\edgar\Documents\GitHub\MR-Project\MR_003\MR_003\OFF_PLYConverter.cpp(428,32): warning C4101:  'dummyIndex3': unreferenced local variable
C:\Users\edgar\Documents\GitHub\MR-Project\MR_003\MR_003\OFF_PLYConverter.cpp(569,30): warning C4244:  'return': conversion from 'double' to 'float', possible loss of data
C:\Users\edgar\Documents\GitHub\MR-Project\MR_003\MR_003\OFF_PLYConverter.cpp(619,20): warning C4101:  'minZ': unreferenced local variable
C:\Users\edgar\Documents\GitHub\MR-Project\MR_003\MR_003\OFF_PLYConverter.cpp(619,14): warning C4101:  'minY': unreferenced local variable
C:\Users\edgar\Documents\GitHub\MR-Project\MR_003\MR_003\OFF_PLYConverter.cpp(621,14): warning C4101:  'maxY': unreferenced local variable
C:\Users\edgar\Documents\GitHub\MR-Project\MR_003\MR_003\OFF_PLYConverter.cpp(621,8): warning C4101:  'maxX': unreferenced local variable
C:\Users\edgar\Documents\GitHub\MR-Project\MR_003\MR_003\OFF_PLYConverter.cpp(605,6): warning C4101:  'ne': unreferenced local variable
C:\Users\edgar\Documents\GitHub\MR-Project\MR_003\MR_003\OFF_PLYConverter.cpp(619,8): warning C4101:  'minX': unreferenced local variable
C:\Users\edgar\Documents\GitHub\MR-Project\MR_003\MR_003\OFF_PLYConverter.cpp(617,8): warning C4101:  'correction': unreferenced local variable
C:\Users\edgar\Documents\GitHub\MR-Project\MR_003\MR_003\OFF_PLYConverter.cpp(621,20): warning C4101:  'maxZ': unreferenced local variable
C:\Users\edgar\Documents\GitHub\MR-Project\MR_003\MR_003\OFF_PLYConverter.cpp(646,10): warning C4101:  'point': unreferenced local variable
C:\Users\edgar\Documents\GitHub\MR-Project\MR_003\MR_003\OFF_PLYConverter.cpp(660,9): warning C4101:  'face': unreferenced local variable
C:\Users\edgar\Documents\GitHub\MR-Project\MR_003\MR_003\OFF_PLYConverter.cpp(996,72): warning C4244:  '=': conversion from 'double' to 'float', possible loss of data
C:\Users\edgar\Documents\GitHub\MR-Project\MR_003\MR_003\OFF_PLYConverter.cpp(997,72): warning C4244:  '=': conversion from 'double' to 'float', possible loss of data
C:\Users\edgar\Documents\GitHub\MR-Project\MR_003\MR_003\OFF_PLYConverter.cpp(998,72): warning C4244:  '=': conversion from 'double' to 'float', possible loss of data
C:\Users\edgar\Documents\GitHub\MR-Project\MR_003\MR_003\OFF_PLYConverter.cpp(686,6): warning C4101:  'ne': unreferenced local variable
C:\Users\edgar\Documents\GitHub\MR-Project\MR_003\MR_003\OFF_PLYConverter.cpp(727,10): warning C4101:  'point': unreferenced local variable
C:\Users\edgar\Documents\GitHub\MR-Project\MR_003\MR_003\OFF_PLYConverter.cpp(741,9): warning C4101:  'face': unreferenced local variable
C:\Users\edgar\Documents\GitHub\MR-Project\MR_003\MR_003\OFF_PLYConverter.cpp(1399,68): warning C4244:  '=': conversion from 'double' to 'float', possible loss of data
C:\Users\edgar\Documents\GitHub\MR-Project\MR_003\MR_003\OFF_PLYConverter.cpp(1400,68): warning C4244:  '=': conversion from 'double' to 'float', possible loss of data
C:\Users\edgar\Documents\GitHub\MR-Project\MR_003\MR_003\OFF_PLYConverter.cpp(1401,68): warning C4244:  '=': conversion from 'double' to 'float', possible loss of data
C:\Users\edgar\Documents\GitHub\MR-Project\MR_003\MR_003\OFF_PLYConverter.cpp(1076,10): warning C4101:  'point': unreferenced local variable
C:\Users\edgar\Documents\GitHub\MR-Project\MR_003\MR_003\OFF_PLYConverter.cpp(1092,9): warning C4101:  'face': unreferenced local variable
  Generating code
  3 of 6351 functions (<0.1%) were compiled, the rest were copied from previous compilation.
    0 functions were new in current compilation
    40 functions had inline decision re-evaluated but remain unchanged
  Finished generating code
  MR_003.vcxproj -> C:\Users\edgar\Documents\GitHub\MR-Project\MR_003\x64\Release\MR_003.exe
