d:\gitsaves\mr-project\mr_project\mr_project\debug\vc141.pdb
d:\gitsaves\mr-project\mr_project\mr_project\debug\vc141.idb
d:\gitsaves\mr-project\mr_project\mr_project\debug\zpr.obj
d:\gitsaves\mr-project\mr_project\mr_project\debug\unstructuredgrid3d.obj
d:\gitsaves\mr-project\mr_project\mr_project\debug\unstructuredgrid.obj
d:\gitsaves\mr-project\mr_project\mr_project\debug\uniformgrid.obj
d:\gitsaves\mr-project\mr_project\mr_project\debug\structuredgrid.obj
d:\gitsaves\mr-project\mr_project\mr_project\debug\off_plyconverter.obj
d:\gitsaves\mr-project\mr_project\mr_project\debug\simplerenderer.obj
d:\gitsaves\mr-project\mr_project\mr_project\debug\scalarattributes.obj
d:\gitsaves\mr-project\mr_project\mr_project\debug\sampleunstructuredgrid3d.obj
d:\gitsaves\mr-project\mr_project\mr_project\debug\rectilineargrid.obj
d:\gitsaves\mr-project\mr_project\mr_project\debug\plyreader.obj
d:\gitsaves\mr-project\mr_project\mr_project\debug\plyfile.obj
d:\gitsaves\mr-project\mr_project\mr_project\debug\meshrenderer.obj
d:\gitsaves\mr-project\mr_project\mr_project\debug\grid.obj
d:\gitsaves\mr-project\mr_project\debug\mr_project.exe
d:\gitsaves\mr-project\mr_project\debug\mr_project.ilk
d:\gitsaves\mr-project\mr_project\debug\mr_project.pdb
d:\gitsaves\mr-project\mr_project\mr_project\debug\mr_project.tlog\cl.command.1.tlog
d:\gitsaves\mr-project\mr_project\mr_project\debug\mr_project.tlog\cl.read.1.tlog
d:\gitsaves\mr-project\mr_project\mr_project\debug\mr_project.tlog\cl.write.1.tlog
d:\gitsaves\mr-project\mr_project\mr_project\debug\mr_project.tlog\link.command.1.tlog
d:\gitsaves\mr-project\mr_project\mr_project\debug\mr_project.tlog\link.read.1.tlog
d:\gitsaves\mr-project\mr_project\mr_project\debug\mr_project.tlog\link.write.1.tlog
