  OFF_PLYConverter.cpp
c:\users\edgar\documents\github\mr-project\mr_project\mr_project\off_plyconverter.cpp(56): warning C4244: 'argument': conversion from 'float' to 'Eigen::EigenBase<Derived>::Index', possible loss of data
          with
          [
              Derived=Eigen::Matrix<float,-1,-1,0,-1,-1>
          ]
c:\users\edgar\documents\github\mr-project\mr_project\mr_project\off_plyconverter.cpp(57): warning C4244: 'argument': conversion from 'float' to 'Eigen::EigenBase<Derived>::Index', possible loss of data
          with
          [
              Derived=Eigen::Matrix<float,-1,-1,0,-1,-1>
          ]
c:\users\edgar\documents\github\mr-project\mr_project\mr_project\off_plyconverter.cpp(58): warning C4244: 'argument': conversion from 'float' to 'Eigen::EigenBase<Derived>::Index', possible loss of data
          with
          [
              Derived=Eigen::Matrix<float,-1,-1,0,-1,-1>
          ]
c:\users\edgar\documents\github\mr-project\mr_project\mr_project\off_plyconverter.cpp(60): warning C4244: 'argument': conversion from 'float' to 'Eigen::EigenBase<Derived>::Index', possible loss of data
          with
          [
              Derived=Eigen::Matrix<float,-1,-1,0,-1,-1>
          ]
c:\users\edgar\documents\github\mr-project\mr_project\mr_project\off_plyconverter.cpp(61): warning C4244: 'argument': conversion from 'float' to 'Eigen::EigenBase<Derived>::Index', possible loss of data
          with
          [
              Derived=Eigen::Matrix<float,-1,-1,0,-1,-1>
          ]
c:\users\edgar\documents\github\mr-project\mr_project\mr_project\off_plyconverter.cpp(62): warning C4244: 'argument': conversion from 'float' to 'Eigen::EigenBase<Derived>::Index', possible loss of data
          with
          [
              Derived=Eigen::Matrix<float,-1,-1,0,-1,-1>
          ]
c:\users\edgar\documents\github\mr-project\mr_project\mr_project\off_plyconverter.cpp(64): warning C4244: 'argument': conversion from 'float' to 'Eigen::EigenBase<Derived>::Index', possible loss of data
          with
          [
              Derived=Eigen::Matrix<float,-1,-1,0,-1,-1>
          ]
c:\users\edgar\documents\github\mr-project\mr_project\mr_project\off_plyconverter.cpp(65): warning C4244: 'argument': conversion from 'float' to 'Eigen::EigenBase<Derived>::Index', possible loss of data
          with
          [
              Derived=Eigen::Matrix<float,-1,-1,0,-1,-1>
          ]
c:\users\edgar\documents\github\mr-project\mr_project\mr_project\off_plyconverter.cpp(66): warning C4244: 'argument': conversion from 'float' to 'Eigen::EigenBase<Derived>::Index', possible loss of data
          with
          [
              Derived=Eigen::Matrix<float,-1,-1,0,-1,-1>
          ]
c:\users\edgar\documents\github\mr-project\mr_project\mr_project\off_plyconverter.cpp(112): warning C4244: 'initializing': conversion from '_Rep' to 'unsigned int', possible loss of data
          with
          [
              _Rep=std::chrono::system_clock::rep
          ]
c:\users\edgar\documents\github\mr-project\mr_project\mr_project\off_plyconverter.cpp(251): warning C4244: 'argument': conversion from 'float' to 'Eigen::EigenBase<Derived>::Index', possible loss of data
          with
          [
              Derived=Eigen::Matrix<float,-1,-1,0,-1,-1>
          ]
c:\users\edgar\documents\github\mr-project\mr_project\mr_project\off_plyconverter.cpp(252): warning C4244: 'argument': conversion from 'float' to 'Eigen::EigenBase<Derived>::Index', possible loss of data
          with
          [
              Derived=Eigen::Matrix<float,-1,-1,0,-1,-1>
          ]
c:\users\edgar\documents\github\mr-project\mr_project\mr_project\off_plyconverter.cpp(253): warning C4244: 'argument': conversion from 'float' to 'Eigen::EigenBase<Derived>::Index', possible loss of data
          with
          [
              Derived=Eigen::Matrix<float,-1,-1,0,-1,-1>
          ]
c:\users\edgar\documents\github\mr-project\mr_project\mr_project\off_plyconverter.cpp(628): warning C4244: '=': conversion from 'double' to 'float', possible loss of data
c:\users\edgar\documents\github\mr-project\mr_project\mr_project\off_plyconverter.cpp(629): warning C4244: '=': conversion from 'double' to 'float', possible loss of data
c:\users\edgar\documents\github\mr-project\mr_project\mr_project\off_plyconverter.cpp(630): warning C4244: '=': conversion from 'double' to 'float', possible loss of data
c:\users\edgar\documents\github\mr-project\mr_project\mr_project\off_plyconverter.cpp(314): warning C4101: 'point': unreferenced local variable
c:\users\edgar\documents\github\mr-project\mr_project\mr_project\off_plyconverter.cpp(330): warning C4101: 'face': unreferenced local variable
  sampleUnstructuredGrid3D.cpp
  Generating Code...
  LINK : C:\Users\edgar\Documents\GitHub\MR-Project\MR_Project\Debug\MR_Project.exe not found or not built by the last incremental link; performing full link
  MR_Project.vcxproj -> C:\Users\edgar\Documents\GitHub\MR-Project\MR_Project\Debug\MR_Project.exe
