  Main.cpp
  OFF_PLYConverter.cpp
C:\Users\edgar\source\repos\MR_003\MR_003\OFF_PLYConverter.cpp(273,16): warning C4244:  'initializing': conversion from '_Rep' to 'unsigned int', possible loss of data
C:\Users\edgar\source\repos\MR_003\MR_003\OFF_PLYConverter.cpp(273,16): warning C4244:         with
C:\Users\edgar\source\repos\MR_003\MR_003\OFF_PLYConverter.cpp(273,16): warning C4244:         [
C:\Users\edgar\source\repos\MR_003\MR_003\OFF_PLYConverter.cpp(273,16): warning C4244:             _Rep=std::chrono::system_clock::rep
C:\Users\edgar\source\repos\MR_003\MR_003\OFF_PLYConverter.cpp(273,16): warning C4244:         ]
C:\Users\edgar\source\repos\MR_003\MR_003\OFF_PLYConverter.cpp(340,70): warning C4244:  'argument': conversion from 'double' to 'float', possible loss of data
C:\Users\edgar\source\repos\MR_003\MR_003\OFF_PLYConverter.cpp(395,60): warning C4244:  'argument': conversion from 'double' to 'float', possible loss of data
C:\Users\edgar\source\repos\MR_003\MR_003\OFF_PLYConverter.cpp(521,30): warning C4244:  'return': conversion from 'double' to 'float', possible loss of data
C:\Users\edgar\source\repos\MR_003\MR_003\OFF_PLYConverter.cpp(571,20): warning C4101:  'minZ': unreferenced local variable
C:\Users\edgar\source\repos\MR_003\MR_003\OFF_PLYConverter.cpp(571,14): warning C4101:  'minY': unreferenced local variable
C:\Users\edgar\source\repos\MR_003\MR_003\OFF_PLYConverter.cpp(573,14): warning C4101:  'maxY': unreferenced local variable
C:\Users\edgar\source\repos\MR_003\MR_003\OFF_PLYConverter.cpp(573,8): warning C4101:  'maxX': unreferenced local variable
C:\Users\edgar\source\repos\MR_003\MR_003\OFF_PLYConverter.cpp(557,6): warning C4101:  'ne': unreferenced local variable
C:\Users\edgar\source\repos\MR_003\MR_003\OFF_PLYConverter.cpp(571,8): warning C4101:  'minX': unreferenced local variable
C:\Users\edgar\source\repos\MR_003\MR_003\OFF_PLYConverter.cpp(569,8): warning C4101:  'correction': unreferenced local variable
C:\Users\edgar\source\repos\MR_003\MR_003\OFF_PLYConverter.cpp(573,20): warning C4101:  'maxZ': unreferenced local variable
C:\Users\edgar\source\repos\MR_003\MR_003\OFF_PLYConverter.cpp(598,10): warning C4101:  'point': unreferenced local variable
C:\Users\edgar\source\repos\MR_003\MR_003\OFF_PLYConverter.cpp(612,9): warning C4101:  'face': unreferenced local variable
C:\Users\edgar\source\repos\MR_003\MR_003\OFF_PLYConverter.cpp(948,72): warning C4244:  '=': conversion from 'double' to 'float', possible loss of data
C:\Users\edgar\source\repos\MR_003\MR_003\OFF_PLYConverter.cpp(949,72): warning C4244:  '=': conversion from 'double' to 'float', possible loss of data
C:\Users\edgar\source\repos\MR_003\MR_003\OFF_PLYConverter.cpp(950,72): warning C4244:  '=': conversion from 'double' to 'float', possible loss of data
C:\Users\edgar\source\repos\MR_003\MR_003\OFF_PLYConverter.cpp(638,6): warning C4101:  'ne': unreferenced local variable
C:\Users\edgar\source\repos\MR_003\MR_003\OFF_PLYConverter.cpp(679,10): warning C4101:  'point': unreferenced local variable
C:\Users\edgar\source\repos\MR_003\MR_003\OFF_PLYConverter.cpp(693,9): warning C4101:  'face': unreferenced local variable
C:\Users\edgar\source\repos\MR_003\MR_003\OFF_PLYConverter.cpp(1351,68): warning C4244:  '=': conversion from 'double' to 'float', possible loss of data
C:\Users\edgar\source\repos\MR_003\MR_003\OFF_PLYConverter.cpp(1352,68): warning C4244:  '=': conversion from 'double' to 'float', possible loss of data
C:\Users\edgar\source\repos\MR_003\MR_003\OFF_PLYConverter.cpp(1353,68): warning C4244:  '=': conversion from 'double' to 'float', possible loss of data
C:\Users\edgar\source\repos\MR_003\MR_003\OFF_PLYConverter.cpp(1028,10): warning C4101:  'point': unreferenced local variable
  Generating Code...
C:\Users\edgar\source\repos\MR_003\MR_003\OFF_PLYConverter.cpp(1044,9): warning C4101:  'face': unreferenced local variable
  MR_003.vcxproj -> C:\Users\edgar\source\repos\MR_003\Debug\MR_003.exe
